2025-04-29T19:04:56 | touched: scripts/deploy.js
2026-01-19T14:31:45 | touched: scripts/cli.js
2025-09-03T04:43:51 | touched: scripts/deploy.js
2026-01-10T22:59:42 | touched: scripts/frontend-integration.js
2026-01-08T05:39:38 | touched: contracts/Sequencestack.sol
2025-05-20T08:57:15 | touched: scripts/interact.js
2025-07-14T14:56:30 | touched: hardhat.config.js
2026-02-04T18:49:35 | touched: scripts/interact.js
2025-05-03T22:09:55 | touched: scripts/api-server.js
2026-01-30T01:28:13 | touched: scripts/api-server.js
2024-09-08T00:59:18 | touched: README.md
2026-01-22T20:58:01 | touched: README.md
2025-04-19T08:41:53 | touched: scripts/frontend-integration.js
2025-06-22T04:43:15 | touched: README.md
2025-05-15T00:53:08 | touched: test/Sequencestack.test.js
2025-07-17T20:24:16 | touched: README.md
2025-09-14T15:13:41 | touched: scripts/deploy.js
2025-06-17T17:07:21 | touched: scripts/cli.js
2025-04-18T19:34:20 | touched: scripts/frontend-integration.js
2025-10-20T15:57:08 | touched: scripts/api-server.js
2025-08-07T06:47:32 | touched: scripts/deploy.js
2025-07-31T18:41:01 | touched: package.json
2025-11-16T00:49:54 | touched: scripts/interact.js
